2022-08-22 00:07:21,424 INFO 15089 [egg-schedule]: register schedule /Users/suki/egg-demo/node_modules/egg-multipart/app/schedule/clean_tmpdir.js
2022-08-22 00:07:21,424 INFO 15089 [egg-schedule]: register schedule /Users/suki/egg-demo/node_modules/egg-logrotator/app/schedule/clean_log.js
2022-08-22 00:07:21,425 INFO 15089 [egg-schedule]: register schedule /Users/suki/egg-demo/node_modules/egg-logrotator/app/schedule/rotate_by_file.js
2022-08-22 00:07:35,926 INFO 15102 [egg-schedule]: register schedule /Users/suki/egg-demo/node_modules/egg-multipart/app/schedule/clean_tmpdir.js
2022-08-22 00:07:35,926 INFO 15102 [egg-schedule]: register schedule /Users/suki/egg-demo/node_modules/egg-logrotator/app/schedule/clean_log.js
2022-08-22 00:07:35,926 INFO 15102 [egg-schedule]: register schedule /Users/suki/egg-demo/node_modules/egg-logrotator/app/schedule/rotate_by_file.js
2022-08-22 00:07:57,975 INFO 15110 [egg-schedule]: register schedule /Users/suki/egg-demo/node_modules/egg-multipart/app/schedule/clean_tmpdir.js
2022-08-22 00:07:57,975 INFO 15110 [egg-schedule]: register schedule /Users/suki/egg-demo/node_modules/egg-logrotator/app/schedule/clean_log.js
2022-08-22 00:07:57,975 INFO 15110 [egg-schedule]: register schedule /Users/suki/egg-demo/node_modules/egg-logrotator/app/schedule/rotate_by_file.js
2022-08-22 00:08:31,516 INFO 15123 [Timer] /Users/suki/egg-demo/node_modules/egg-multipart/app/schedule/clean_tmpdir.js next time will execute after 15688486ms at 2022-08-22 04:30:00.002
2022-08-22 00:08:31,517 INFO 15123 [Timer] /Users/suki/egg-demo/node_modules/egg-logrotator/app/schedule/clean_log.js next time will execute after 85888483ms at 2022-08-23 00:00:00.000
2022-08-22 00:08:31,518 INFO 15123 [Timer] /Users/suki/egg-demo/node_modules/egg-logrotator/app/schedule/rotate_by_file.js next time will execute after 85889483ms at 2022-08-23 00:00:01.001
2022-08-22 00:08:31,336 INFO 15124 [egg-schedule]: register schedule /Users/suki/egg-demo/node_modules/egg-multipart/app/schedule/clean_tmpdir.js
2022-08-22 00:08:31,336 INFO 15124 [egg-schedule]: register schedule /Users/suki/egg-demo/node_modules/egg-logrotator/app/schedule/clean_log.js
2022-08-22 00:08:31,336 INFO 15124 [egg-schedule]: register schedule /Users/suki/egg-demo/node_modules/egg-logrotator/app/schedule/rotate_by_file.js
2022-08-22 00:10:06,387 INFO 15140 [egg-schedule]: register schedule /Users/suki/egg-demo/node_modules/egg-multipart/app/schedule/clean_tmpdir.js
2022-08-22 00:10:06,387 INFO 15140 [egg-schedule]: register schedule /Users/suki/egg-demo/node_modules/egg-logrotator/app/schedule/clean_log.js
2022-08-22 00:10:06,387 INFO 15140 [egg-schedule]: register schedule /Users/suki/egg-demo/node_modules/egg-logrotator/app/schedule/rotate_by_file.js
2022-08-22 00:10:17,833 INFO 15148 [egg-schedule]: register schedule /Users/suki/egg-demo/node_modules/egg-multipart/app/schedule/clean_tmpdir.js
2022-08-22 00:10:17,833 INFO 15148 [egg-schedule]: register schedule /Users/suki/egg-demo/node_modules/egg-logrotator/app/schedule/clean_log.js
2022-08-22 00:10:17,833 INFO 15148 [egg-schedule]: register schedule /Users/suki/egg-demo/node_modules/egg-logrotator/app/schedule/rotate_by_file.js
2022-08-22 00:11:05,375 INFO 15159 [egg-schedule]: register schedule /Users/suki/egg-demo/node_modules/egg-multipart/app/schedule/clean_tmpdir.js
2022-08-22 00:11:05,375 INFO 15159 [egg-schedule]: register schedule /Users/suki/egg-demo/node_modules/egg-logrotator/app/schedule/clean_log.js
2022-08-22 00:11:05,375 INFO 15159 [egg-schedule]: register schedule /Users/suki/egg-demo/node_modules/egg-logrotator/app/schedule/rotate_by_file.js
2022-08-22 00:11:30,196 INFO 15171 [egg-schedule]: register schedule /Users/suki/egg-demo/node_modules/egg-multipart/app/schedule/clean_tmpdir.js
2022-08-22 00:11:30,196 INFO 15171 [egg-schedule]: register schedule /Users/suki/egg-demo/node_modules/egg-logrotator/app/schedule/clean_log.js
2022-08-22 00:11:30,196 INFO 15171 [egg-schedule]: register schedule /Users/suki/egg-demo/node_modules/egg-logrotator/app/schedule/rotate_by_file.js
2022-08-22 00:12:35,959 INFO 15186 [egg-schedule]: register schedule /Users/suki/egg-demo/node_modules/egg-multipart/app/schedule/clean_tmpdir.js
2022-08-22 00:12:35,959 INFO 15186 [egg-schedule]: register schedule /Users/suki/egg-demo/node_modules/egg-logrotator/app/schedule/clean_log.js
2022-08-22 00:12:35,959 INFO 15186 [egg-schedule]: register schedule /Users/suki/egg-demo/node_modules/egg-logrotator/app/schedule/rotate_by_file.js
2022-08-22 00:13:07,050 INFO 15200 [egg-schedule]: register schedule /Users/suki/egg-demo/node_modules/egg-multipart/app/schedule/clean_tmpdir.js
2022-08-22 00:13:07,050 INFO 15200 [egg-schedule]: register schedule /Users/suki/egg-demo/node_modules/egg-logrotator/app/schedule/clean_log.js
2022-08-22 00:13:07,050 INFO 15200 [egg-schedule]: register schedule /Users/suki/egg-demo/node_modules/egg-logrotator/app/schedule/rotate_by_file.js
2022-08-22 00:13:51,067 INFO 15213 [egg-schedule]: register schedule /Users/suki/egg-demo/node_modules/egg-multipart/app/schedule/clean_tmpdir.js
2022-08-22 00:13:51,067 INFO 15213 [egg-schedule]: register schedule /Users/suki/egg-demo/node_modules/egg-logrotator/app/schedule/clean_log.js
2022-08-22 00:13:51,067 INFO 15213 [egg-schedule]: register schedule /Users/suki/egg-demo/node_modules/egg-logrotator/app/schedule/rotate_by_file.js
2022-08-22 00:13:52,806 INFO 15221 [egg-schedule]: register schedule /Users/suki/egg-demo/node_modules/egg-multipart/app/schedule/clean_tmpdir.js
2022-08-22 00:13:52,806 INFO 15221 [egg-schedule]: register schedule /Users/suki/egg-demo/node_modules/egg-logrotator/app/schedule/clean_log.js
2022-08-22 00:13:52,806 INFO 15221 [egg-schedule]: register schedule /Users/suki/egg-demo/node_modules/egg-logrotator/app/schedule/rotate_by_file.js
2022-08-22 00:16:28,411 INFO 15256 [egg-schedule]: register schedule /Users/suki/egg-demo/node_modules/egg-multipart/app/schedule/clean_tmpdir.js
2022-08-22 00:16:28,411 INFO 15256 [egg-schedule]: register schedule /Users/suki/egg-demo/node_modules/egg-logrotator/app/schedule/clean_log.js
2022-08-22 00:16:28,411 INFO 15256 [egg-schedule]: register schedule /Users/suki/egg-demo/node_modules/egg-logrotator/app/schedule/rotate_by_file.js
2022-08-22 00:18:13,724 INFO 15276 [egg-schedule]: register schedule /Users/suki/egg-demo/node_modules/egg-multipart/app/schedule/clean_tmpdir.js
2022-08-22 00:18:13,724 INFO 15276 [egg-schedule]: register schedule /Users/suki/egg-demo/node_modules/egg-logrotator/app/schedule/clean_log.js
2022-08-22 00:18:13,724 INFO 15276 [egg-schedule]: register schedule /Users/suki/egg-demo/node_modules/egg-logrotator/app/schedule/rotate_by_file.js
2022-08-22 00:21:56,622 INFO 15314 [egg-schedule]: register schedule /Users/suki/egg-demo/node_modules/egg-multipart/app/schedule/clean_tmpdir.js
2022-08-22 00:21:56,622 INFO 15314 [egg-schedule]: register schedule /Users/suki/egg-demo/node_modules/egg-logrotator/app/schedule/clean_log.js
2022-08-22 00:21:56,623 INFO 15314 [egg-schedule]: register schedule /Users/suki/egg-demo/node_modules/egg-logrotator/app/schedule/rotate_by_file.js
2022-08-22 00:22:13,792 INFO 15324 [egg-schedule]: register schedule /Users/suki/egg-demo/node_modules/egg-multipart/app/schedule/clean_tmpdir.js
2022-08-22 00:22:13,792 INFO 15324 [egg-schedule]: register schedule /Users/suki/egg-demo/node_modules/egg-logrotator/app/schedule/clean_log.js
2022-08-22 00:22:13,792 INFO 15324 [egg-schedule]: register schedule /Users/suki/egg-demo/node_modules/egg-logrotator/app/schedule/rotate_by_file.js
2022-08-22 00:22:34,832 INFO 15343 [egg-schedule]: register schedule /Users/suki/egg-demo/node_modules/egg-multipart/app/schedule/clean_tmpdir.js
2022-08-22 00:22:34,832 INFO 15343 [egg-schedule]: register schedule /Users/suki/egg-demo/node_modules/egg-logrotator/app/schedule/clean_log.js
2022-08-22 00:22:34,832 INFO 15343 [egg-schedule]: register schedule /Users/suki/egg-demo/node_modules/egg-logrotator/app/schedule/rotate_by_file.js
2022-08-22 00:23:11,722 INFO 15352 [egg-schedule]: register schedule /Users/suki/egg-demo/node_modules/egg-multipart/app/schedule/clean_tmpdir.js
2022-08-22 00:23:11,722 INFO 15352 [egg-schedule]: register schedule /Users/suki/egg-demo/node_modules/egg-logrotator/app/schedule/clean_log.js
2022-08-22 00:23:11,722 INFO 15352 [egg-schedule]: register schedule /Users/suki/egg-demo/node_modules/egg-logrotator/app/schedule/rotate_by_file.js
2022-08-22 00:24:39,965 INFO 15370 [egg-schedule]: register schedule /Users/suki/egg-demo/node_modules/egg-multipart/app/schedule/clean_tmpdir.js
2022-08-22 00:24:39,965 INFO 15370 [egg-schedule]: register schedule /Users/suki/egg-demo/node_modules/egg-logrotator/app/schedule/clean_log.js
2022-08-22 00:24:39,965 INFO 15370 [egg-schedule]: register schedule /Users/suki/egg-demo/node_modules/egg-logrotator/app/schedule/rotate_by_file.js
2022-08-22 00:24:50,686 INFO 15382 [egg-schedule]: register schedule /Users/suki/egg-demo/node_modules/egg-multipart/app/schedule/clean_tmpdir.js
2022-08-22 00:24:50,686 INFO 15382 [egg-schedule]: register schedule /Users/suki/egg-demo/node_modules/egg-logrotator/app/schedule/clean_log.js
2022-08-22 00:24:50,686 INFO 15382 [egg-schedule]: register schedule /Users/suki/egg-demo/node_modules/egg-logrotator/app/schedule/rotate_by_file.js
2022-08-22 00:27:20,193 INFO 15415 [egg-schedule]: register schedule /Users/suki/egg-demo/node_modules/egg-multipart/app/schedule/clean_tmpdir.js
2022-08-22 00:27:20,193 INFO 15415 [egg-schedule]: register schedule /Users/suki/egg-demo/node_modules/egg-logrotator/app/schedule/clean_log.js
2022-08-22 00:27:20,193 INFO 15415 [egg-schedule]: register schedule /Users/suki/egg-demo/node_modules/egg-logrotator/app/schedule/rotate_by_file.js
2022-08-22 00:27:47,972 INFO 15436 [egg-schedule]: register schedule /Users/suki/egg-demo/node_modules/egg-multipart/app/schedule/clean_tmpdir.js
2022-08-22 00:27:47,972 INFO 15436 [egg-schedule]: register schedule /Users/suki/egg-demo/node_modules/egg-logrotator/app/schedule/clean_log.js
2022-08-22 00:27:47,972 INFO 15436 [egg-schedule]: register schedule /Users/suki/egg-demo/node_modules/egg-logrotator/app/schedule/rotate_by_file.js
2022-08-22 00:28:15,162 INFO 15443 [egg-schedule]: register schedule /Users/suki/egg-demo/node_modules/egg-multipart/app/schedule/clean_tmpdir.js
2022-08-22 00:28:15,162 INFO 15443 [egg-schedule]: register schedule /Users/suki/egg-demo/node_modules/egg-logrotator/app/schedule/clean_log.js
2022-08-22 00:28:15,162 INFO 15443 [egg-schedule]: register schedule /Users/suki/egg-demo/node_modules/egg-logrotator/app/schedule/rotate_by_file.js
2022-08-22 00:28:27,818 INFO 15451 [egg-schedule]: register schedule /Users/suki/egg-demo/node_modules/egg-multipart/app/schedule/clean_tmpdir.js
2022-08-22 00:28:27,818 INFO 15451 [egg-schedule]: register schedule /Users/suki/egg-demo/node_modules/egg-logrotator/app/schedule/clean_log.js
2022-08-22 00:28:27,818 INFO 15451 [egg-schedule]: register schedule /Users/suki/egg-demo/node_modules/egg-logrotator/app/schedule/rotate_by_file.js
2022-08-22 00:28:42,930 INFO 15455 [egg-schedule]: register schedule /Users/suki/egg-demo/node_modules/egg-multipart/app/schedule/clean_tmpdir.js
2022-08-22 00:28:42,930 INFO 15455 [egg-schedule]: register schedule /Users/suki/egg-demo/node_modules/egg-logrotator/app/schedule/clean_log.js
2022-08-22 00:28:42,930 INFO 15455 [egg-schedule]: register schedule /Users/suki/egg-demo/node_modules/egg-logrotator/app/schedule/rotate_by_file.js
2022-08-22 00:29:33,281 INFO 15480 [egg-schedule]: register schedule /Users/suki/egg-demo/node_modules/egg-multipart/app/schedule/clean_tmpdir.js
2022-08-22 00:29:33,281 INFO 15480 [egg-schedule]: register schedule /Users/suki/egg-demo/node_modules/egg-logrotator/app/schedule/clean_log.js
2022-08-22 00:29:33,281 INFO 15480 [egg-schedule]: register schedule /Users/suki/egg-demo/node_modules/egg-logrotator/app/schedule/rotate_by_file.js
2022-08-22 00:29:45,246 INFO 15493 [egg-schedule]: register schedule /Users/suki/egg-demo/node_modules/egg-multipart/app/schedule/clean_tmpdir.js
2022-08-22 00:29:45,246 INFO 15493 [egg-schedule]: register schedule /Users/suki/egg-demo/node_modules/egg-logrotator/app/schedule/clean_log.js
2022-08-22 00:29:45,246 INFO 15493 [egg-schedule]: register schedule /Users/suki/egg-demo/node_modules/egg-logrotator/app/schedule/rotate_by_file.js
2022-08-22 00:29:47,453 INFO 15497 [egg-schedule]: register schedule /Users/suki/egg-demo/node_modules/egg-multipart/app/schedule/clean_tmpdir.js
2022-08-22 00:29:47,453 INFO 15497 [egg-schedule]: register schedule /Users/suki/egg-demo/node_modules/egg-logrotator/app/schedule/clean_log.js
2022-08-22 00:29:47,453 INFO 15497 [egg-schedule]: register schedule /Users/suki/egg-demo/node_modules/egg-logrotator/app/schedule/rotate_by_file.js
2022-08-22 00:30:17,519 INFO 15516 [egg-schedule]: register schedule /Users/suki/egg-demo/node_modules/egg-multipart/app/schedule/clean_tmpdir.js
2022-08-22 00:30:17,519 INFO 15516 [egg-schedule]: register schedule /Users/suki/egg-demo/node_modules/egg-logrotator/app/schedule/clean_log.js
2022-08-22 00:30:17,519 INFO 15516 [egg-schedule]: register schedule /Users/suki/egg-demo/node_modules/egg-logrotator/app/schedule/rotate_by_file.js
2022-08-22 00:37:18,242 INFO 15597 [egg-schedule]: register schedule /Users/suki/egg-demo/node_modules/egg-multipart/app/schedule/clean_tmpdir.js
2022-08-22 00:37:18,242 INFO 15597 [egg-schedule]: register schedule /Users/suki/egg-demo/node_modules/egg-logrotator/app/schedule/clean_log.js
2022-08-22 00:37:18,242 INFO 15597 [egg-schedule]: register schedule /Users/suki/egg-demo/node_modules/egg-logrotator/app/schedule/rotate_by_file.js
2022-08-22 00:47:15,447 INFO 15747 [egg-schedule]: register schedule /Users/suki/egg-demo/node_modules/egg-multipart/app/schedule/clean_tmpdir.js
2022-08-22 00:47:15,447 INFO 15747 [egg-schedule]: register schedule /Users/suki/egg-demo/node_modules/egg-logrotator/app/schedule/clean_log.js
2022-08-22 00:47:15,448 INFO 15747 [egg-schedule]: register schedule /Users/suki/egg-demo/node_modules/egg-logrotator/app/schedule/rotate_by_file.js
2022-08-22 00:48:54,808 INFO 15797 [egg-schedule]: register schedule /Users/suki/egg-demo/node_modules/egg-multipart/app/schedule/clean_tmpdir.js
2022-08-22 00:48:54,808 INFO 15797 [egg-schedule]: register schedule /Users/suki/egg-demo/node_modules/egg-logrotator/app/schedule/clean_log.js
2022-08-22 00:48:54,809 INFO 15797 [egg-schedule]: register schedule /Users/suki/egg-demo/node_modules/egg-logrotator/app/schedule/rotate_by_file.js
2022-08-22 00:48:57,086 INFO 15805 [egg-schedule]: register schedule /Users/suki/egg-demo/node_modules/egg-multipart/app/schedule/clean_tmpdir.js
2022-08-22 00:48:57,086 INFO 15805 [egg-schedule]: register schedule /Users/suki/egg-demo/node_modules/egg-logrotator/app/schedule/clean_log.js
2022-08-22 00:48:57,086 INFO 15805 [egg-schedule]: register schedule /Users/suki/egg-demo/node_modules/egg-logrotator/app/schedule/rotate_by_file.js
2022-08-22 00:50:26,902 INFO 15829 [egg-schedule]: register schedule /Users/suki/egg-demo/node_modules/egg-multipart/app/schedule/clean_tmpdir.js
2022-08-22 00:50:26,902 INFO 15829 [egg-schedule]: register schedule /Users/suki/egg-demo/node_modules/egg-logrotator/app/schedule/clean_log.js
2022-08-22 00:50:26,903 INFO 15829 [egg-schedule]: register schedule /Users/suki/egg-demo/node_modules/egg-logrotator/app/schedule/rotate_by_file.js
2022-08-22 00:55:10,240 INFO 15901 [egg-schedule]: register schedule /Users/suki/egg-demo/node_modules/egg-multipart/app/schedule/clean_tmpdir.js
2022-08-22 00:55:10,240 INFO 15901 [egg-schedule]: register schedule /Users/suki/egg-demo/node_modules/egg-logrotator/app/schedule/clean_log.js
2022-08-22 00:55:10,240 INFO 15901 [egg-schedule]: register schedule /Users/suki/egg-demo/node_modules/egg-logrotator/app/schedule/rotate_by_file.js
2022-08-22 00:58:53,549 INFO 15973 [egg-schedule]: register schedule /Users/suki/egg-demo/node_modules/egg-multipart/app/schedule/clean_tmpdir.js
2022-08-22 00:58:53,550 INFO 15973 [egg-schedule]: register schedule /Users/suki/egg-demo/node_modules/egg-logrotator/app/schedule/clean_log.js
2022-08-22 00:58:53,550 INFO 15973 [egg-schedule]: register schedule /Users/suki/egg-demo/node_modules/egg-logrotator/app/schedule/rotate_by_file.js
2022-08-22 01:00:01,388 INFO 15995 [egg-schedule]: register schedule /Users/suki/egg-demo/node_modules/egg-multipart/app/schedule/clean_tmpdir.js
2022-08-22 01:00:01,388 INFO 15995 [egg-schedule]: register schedule /Users/suki/egg-demo/node_modules/egg-logrotator/app/schedule/clean_log.js
2022-08-22 01:00:01,389 INFO 15995 [egg-schedule]: register schedule /Users/suki/egg-demo/node_modules/egg-logrotator/app/schedule/rotate_by_file.js
2022-08-22 01:01:43,931 INFO 16016 [egg-schedule]: register schedule /Users/suki/egg-demo/node_modules/egg-multipart/app/schedule/clean_tmpdir.js
2022-08-22 01:01:43,931 INFO 16016 [egg-schedule]: register schedule /Users/suki/egg-demo/node_modules/egg-logrotator/app/schedule/clean_log.js
2022-08-22 01:01:43,932 INFO 16016 [egg-schedule]: register schedule /Users/suki/egg-demo/node_modules/egg-logrotator/app/schedule/rotate_by_file.js
2022-08-22 01:02:37,094 INFO 16046 [egg-schedule]: register schedule /Users/suki/egg-demo/node_modules/egg-multipart/app/schedule/clean_tmpdir.js
2022-08-22 01:02:37,094 INFO 16046 [egg-schedule]: register schedule /Users/suki/egg-demo/node_modules/egg-logrotator/app/schedule/clean_log.js
2022-08-22 01:02:37,094 INFO 16046 [egg-schedule]: register schedule /Users/suki/egg-demo/node_modules/egg-logrotator/app/schedule/rotate_by_file.js
2022-08-22 01:03:02,262 INFO 16053 [egg-schedule]: register schedule /Users/suki/egg-demo/node_modules/egg-multipart/app/schedule/clean_tmpdir.js
2022-08-22 01:03:02,263 INFO 16053 [egg-schedule]: register schedule /Users/suki/egg-demo/node_modules/egg-logrotator/app/schedule/clean_log.js
2022-08-22 01:03:02,263 INFO 16053 [egg-schedule]: register schedule /Users/suki/egg-demo/node_modules/egg-logrotator/app/schedule/rotate_by_file.js
2022-08-22 01:03:05,520 INFO 16058 [egg-schedule]: register schedule /Users/suki/egg-demo/node_modules/egg-multipart/app/schedule/clean_tmpdir.js
2022-08-22 01:03:05,520 INFO 16058 [egg-schedule]: register schedule /Users/suki/egg-demo/node_modules/egg-logrotator/app/schedule/clean_log.js
2022-08-22 01:03:05,520 INFO 16058 [egg-schedule]: register schedule /Users/suki/egg-demo/node_modules/egg-logrotator/app/schedule/rotate_by_file.js
2022-08-22 01:03:10,176 INFO 16066 [egg-schedule]: register schedule /Users/suki/egg-demo/node_modules/egg-multipart/app/schedule/clean_tmpdir.js
2022-08-22 01:03:10,176 INFO 16066 [egg-schedule]: register schedule /Users/suki/egg-demo/node_modules/egg-logrotator/app/schedule/clean_log.js
2022-08-22 01:03:10,176 INFO 16066 [egg-schedule]: register schedule /Users/suki/egg-demo/node_modules/egg-logrotator/app/schedule/rotate_by_file.js
2022-08-22 01:04:09,916 INFO 16090 [egg-schedule]: register schedule /Users/suki/egg-demo/node_modules/egg-multipart/app/schedule/clean_tmpdir.js
2022-08-22 01:04:09,916 INFO 16090 [egg-schedule]: register schedule /Users/suki/egg-demo/node_modules/egg-logrotator/app/schedule/clean_log.js
2022-08-22 01:04:09,916 INFO 16090 [egg-schedule]: register schedule /Users/suki/egg-demo/node_modules/egg-logrotator/app/schedule/rotate_by_file.js
2022-08-22 01:24:27,268 INFO 16500 [egg-schedule]: register schedule /Users/suki/egg-demo/node_modules/egg-multipart/app/schedule/clean_tmpdir.js
2022-08-22 01:24:27,268 INFO 16500 [egg-schedule]: register schedule /Users/suki/egg-demo/node_modules/egg-logrotator/app/schedule/clean_log.js
2022-08-22 01:24:27,269 INFO 16500 [egg-schedule]: register schedule /Users/suki/egg-demo/node_modules/egg-logrotator/app/schedule/rotate_by_file.js
2022-08-22 01:40:02,607 INFO 16653 [egg-schedule]: register schedule /Users/suki/egg-demo/node_modules/egg-multipart/app/schedule/clean_tmpdir.js
2022-08-22 01:40:02,607 INFO 16653 [egg-schedule]: register schedule /Users/suki/egg-demo/node_modules/egg-logrotator/app/schedule/clean_log.js
2022-08-22 01:40:02,607 INFO 16653 [egg-schedule]: register schedule /Users/suki/egg-demo/node_modules/egg-logrotator/app/schedule/rotate_by_file.js
2022-08-22 01:40:07,337 INFO 16666 [egg-schedule]: register schedule /Users/suki/egg-demo/node_modules/egg-multipart/app/schedule/clean_tmpdir.js
2022-08-22 01:40:07,337 INFO 16666 [egg-schedule]: register schedule /Users/suki/egg-demo/node_modules/egg-logrotator/app/schedule/clean_log.js
2022-08-22 01:40:07,338 INFO 16666 [egg-schedule]: register schedule /Users/suki/egg-demo/node_modules/egg-logrotator/app/schedule/rotate_by_file.js
2022-08-22 01:40:21,427 INFO 16681 [egg-schedule]: register schedule /Users/suki/egg-demo/node_modules/egg-multipart/app/schedule/clean_tmpdir.js
2022-08-22 01:40:21,427 INFO 16681 [egg-schedule]: register schedule /Users/suki/egg-demo/node_modules/egg-logrotator/app/schedule/clean_log.js
2022-08-22 01:40:21,427 INFO 16681 [egg-schedule]: register schedule /Users/suki/egg-demo/node_modules/egg-logrotator/app/schedule/rotate_by_file.js
2022-08-22 01:45:33,131 INFO 16754 [egg-schedule]: register schedule /Users/suki/egg-demo/node_modules/egg-multipart/app/schedule/clean_tmpdir.js
2022-08-22 01:45:33,131 INFO 16754 [egg-schedule]: register schedule /Users/suki/egg-demo/node_modules/egg-logrotator/app/schedule/clean_log.js
2022-08-22 01:45:33,131 INFO 16754 [egg-schedule]: register schedule /Users/suki/egg-demo/node_modules/egg-logrotator/app/schedule/rotate_by_file.js
2022-08-22 01:45:44,731 INFO 16760 [egg-schedule]: register schedule /Users/suki/egg-demo/node_modules/egg-multipart/app/schedule/clean_tmpdir.js
2022-08-22 01:45:44,731 INFO 16760 [egg-schedule]: register schedule /Users/suki/egg-demo/node_modules/egg-logrotator/app/schedule/clean_log.js
2022-08-22 01:45:44,731 INFO 16760 [egg-schedule]: register schedule /Users/suki/egg-demo/node_modules/egg-logrotator/app/schedule/rotate_by_file.js
2022-08-22 01:45:57,244 INFO 16770 [egg-schedule]: register schedule /Users/suki/egg-demo/node_modules/egg-multipart/app/schedule/clean_tmpdir.js
2022-08-22 01:45:57,244 INFO 16770 [egg-schedule]: register schedule /Users/suki/egg-demo/node_modules/egg-logrotator/app/schedule/clean_log.js
2022-08-22 01:45:57,244 INFO 16770 [egg-schedule]: register schedule /Users/suki/egg-demo/node_modules/egg-logrotator/app/schedule/rotate_by_file.js
2022-08-22 01:46:00,819 INFO 16774 [egg-schedule]: register schedule /Users/suki/egg-demo/node_modules/egg-multipart/app/schedule/clean_tmpdir.js
2022-08-22 01:46:00,819 INFO 16774 [egg-schedule]: register schedule /Users/suki/egg-demo/node_modules/egg-logrotator/app/schedule/clean_log.js
2022-08-22 01:46:00,819 INFO 16774 [egg-schedule]: register schedule /Users/suki/egg-demo/node_modules/egg-logrotator/app/schedule/rotate_by_file.js
2022-08-22 01:47:32,407 INFO 16796 [egg-schedule]: register schedule /Users/suki/egg-demo/node_modules/egg-multipart/app/schedule/clean_tmpdir.js
2022-08-22 01:47:32,407 INFO 16796 [egg-schedule]: register schedule /Users/suki/egg-demo/node_modules/egg-logrotator/app/schedule/clean_log.js
2022-08-22 01:47:32,407 INFO 16796 [egg-schedule]: register schedule /Users/suki/egg-demo/node_modules/egg-logrotator/app/schedule/rotate_by_file.js
2022-08-22 01:48:09,981 INFO 16815 [egg-schedule]: register schedule /Users/suki/egg-demo/node_modules/egg-multipart/app/schedule/clean_tmpdir.js
2022-08-22 01:48:09,981 INFO 16815 [egg-schedule]: register schedule /Users/suki/egg-demo/node_modules/egg-logrotator/app/schedule/clean_log.js
2022-08-22 01:48:09,981 INFO 16815 [egg-schedule]: register schedule /Users/suki/egg-demo/node_modules/egg-logrotator/app/schedule/rotate_by_file.js
2022-08-22 01:48:28,084 INFO 16824 [egg-schedule]: register schedule /Users/suki/egg-demo/node_modules/egg-multipart/app/schedule/clean_tmpdir.js
2022-08-22 01:48:28,084 INFO 16824 [egg-schedule]: register schedule /Users/suki/egg-demo/node_modules/egg-logrotator/app/schedule/clean_log.js
2022-08-22 01:48:28,084 INFO 16824 [egg-schedule]: register schedule /Users/suki/egg-demo/node_modules/egg-logrotator/app/schedule/rotate_by_file.js
2022-08-22 01:49:09,470 INFO 16834 [egg-schedule]: register schedule /Users/suki/egg-demo/node_modules/egg-multipart/app/schedule/clean_tmpdir.js
2022-08-22 01:49:09,470 INFO 16834 [egg-schedule]: register schedule /Users/suki/egg-demo/node_modules/egg-logrotator/app/schedule/clean_log.js
2022-08-22 01:49:09,470 INFO 16834 [egg-schedule]: register schedule /Users/suki/egg-demo/node_modules/egg-logrotator/app/schedule/rotate_by_file.js
2022-08-22 01:53:51,321 INFO 16946 [Timer] /Users/suki/egg-demo/node_modules/egg-multipart/app/schedule/clean_tmpdir.js next time will execute after 9368682ms at 2022-08-22 04:30:00.003
2022-08-22 01:53:51,321 INFO 16946 [Timer] /Users/suki/egg-demo/node_modules/egg-logrotator/app/schedule/clean_log.js next time will execute after 79568679ms at 2022-08-23 00:00:00.000
2022-08-22 01:53:51,322 INFO 16946 [Timer] /Users/suki/egg-demo/node_modules/egg-logrotator/app/schedule/rotate_by_file.js next time will execute after 79569679ms at 2022-08-23 00:00:01.001
2022-08-22 01:53:51,177 INFO 16947 [egg-schedule]: register schedule /Users/suki/egg-demo/node_modules/egg-multipart/app/schedule/clean_tmpdir.js
2022-08-22 01:53:51,177 INFO 16947 [egg-schedule]: register schedule /Users/suki/egg-demo/node_modules/egg-logrotator/app/schedule/clean_log.js
2022-08-22 01:53:51,177 INFO 16947 [egg-schedule]: register schedule /Users/suki/egg-demo/node_modules/egg-logrotator/app/schedule/rotate_by_file.js
2022-08-22 01:58:28,972 INFO 17021 [egg-schedule]: register schedule /Users/suki/egg-demo/node_modules/egg-multipart/app/schedule/clean_tmpdir.js
2022-08-22 01:58:28,972 INFO 17021 [egg-schedule]: register schedule /Users/suki/egg-demo/node_modules/egg-logrotator/app/schedule/clean_log.js
2022-08-22 01:58:28,972 INFO 17021 [egg-schedule]: register schedule /Users/suki/egg-demo/node_modules/egg-logrotator/app/schedule/rotate_by_file.js
2022-08-22 01:58:37,660 INFO 17029 [egg-schedule]: register schedule /Users/suki/egg-demo/node_modules/egg-multipart/app/schedule/clean_tmpdir.js
2022-08-22 01:58:37,660 INFO 17029 [egg-schedule]: register schedule /Users/suki/egg-demo/node_modules/egg-logrotator/app/schedule/clean_log.js
2022-08-22 01:58:37,660 INFO 17029 [egg-schedule]: register schedule /Users/suki/egg-demo/node_modules/egg-logrotator/app/schedule/rotate_by_file.js
2022-08-22 02:03:19,220 INFO 17101 [egg-schedule]: register schedule /Users/suki/egg-demo/node_modules/egg-multipart/app/schedule/clean_tmpdir.js
2022-08-22 02:03:19,220 INFO 17101 [egg-schedule]: register schedule /Users/suki/egg-demo/node_modules/egg-logrotator/app/schedule/clean_log.js
2022-08-22 02:03:19,220 INFO 17101 [egg-schedule]: register schedule /Users/suki/egg-demo/node_modules/egg-logrotator/app/schedule/rotate_by_file.js
2022-08-22 02:03:52,720 INFO 17112 [egg-schedule]: register schedule /Users/suki/egg-demo/node_modules/egg-multipart/app/schedule/clean_tmpdir.js
2022-08-22 02:03:52,720 INFO 17112 [egg-schedule]: register schedule /Users/suki/egg-demo/node_modules/egg-logrotator/app/schedule/clean_log.js
2022-08-22 02:03:52,720 INFO 17112 [egg-schedule]: register schedule /Users/suki/egg-demo/node_modules/egg-logrotator/app/schedule/rotate_by_file.js
2022-08-22 02:05:01,758 INFO 17128 [egg-schedule]: register schedule /Users/suki/egg-demo/node_modules/egg-multipart/app/schedule/clean_tmpdir.js
2022-08-22 02:05:01,758 INFO 17128 [egg-schedule]: register schedule /Users/suki/egg-demo/node_modules/egg-logrotator/app/schedule/clean_log.js
2022-08-22 02:05:01,758 INFO 17128 [egg-schedule]: register schedule /Users/suki/egg-demo/node_modules/egg-logrotator/app/schedule/rotate_by_file.js
2022-08-22 02:05:13,632 INFO 17134 [egg-schedule]: register schedule /Users/suki/egg-demo/node_modules/egg-multipart/app/schedule/clean_tmpdir.js
2022-08-22 02:05:13,633 INFO 17134 [egg-schedule]: register schedule /Users/suki/egg-demo/node_modules/egg-logrotator/app/schedule/clean_log.js
2022-08-22 02:05:13,633 INFO 17134 [egg-schedule]: register schedule /Users/suki/egg-demo/node_modules/egg-logrotator/app/schedule/rotate_by_file.js
2022-08-22 02:05:16,811 INFO 17139 [egg-schedule]: register schedule /Users/suki/egg-demo/node_modules/egg-multipart/app/schedule/clean_tmpdir.js
2022-08-22 02:05:16,811 INFO 17139 [egg-schedule]: register schedule /Users/suki/egg-demo/node_modules/egg-logrotator/app/schedule/clean_log.js
2022-08-22 02:05:16,812 INFO 17139 [egg-schedule]: register schedule /Users/suki/egg-demo/node_modules/egg-logrotator/app/schedule/rotate_by_file.js
2022-08-22 02:05:19,645 INFO 17146 [egg-schedule]: register schedule /Users/suki/egg-demo/node_modules/egg-multipart/app/schedule/clean_tmpdir.js
2022-08-22 02:05:19,645 INFO 17146 [egg-schedule]: register schedule /Users/suki/egg-demo/node_modules/egg-logrotator/app/schedule/clean_log.js
2022-08-22 02:05:19,646 INFO 17146 [egg-schedule]: register schedule /Users/suki/egg-demo/node_modules/egg-logrotator/app/schedule/rotate_by_file.js
2022-08-22 02:05:21,860 INFO 17150 [egg-schedule]: register schedule /Users/suki/egg-demo/node_modules/egg-multipart/app/schedule/clean_tmpdir.js
2022-08-22 02:05:21,860 INFO 17150 [egg-schedule]: register schedule /Users/suki/egg-demo/node_modules/egg-logrotator/app/schedule/clean_log.js
2022-08-22 02:05:21,860 INFO 17150 [egg-schedule]: register schedule /Users/suki/egg-demo/node_modules/egg-logrotator/app/schedule/rotate_by_file.js
2022-08-22 02:05:30,878 INFO 17154 [egg-schedule]: register schedule /Users/suki/egg-demo/node_modules/egg-multipart/app/schedule/clean_tmpdir.js
2022-08-22 02:05:30,878 INFO 17154 [egg-schedule]: register schedule /Users/suki/egg-demo/node_modules/egg-logrotator/app/schedule/clean_log.js
2022-08-22 02:05:30,878 INFO 17154 [egg-schedule]: register schedule /Users/suki/egg-demo/node_modules/egg-logrotator/app/schedule/rotate_by_file.js
2022-08-22 02:05:33,523 INFO 17158 [egg-schedule]: register schedule /Users/suki/egg-demo/node_modules/egg-multipart/app/schedule/clean_tmpdir.js
2022-08-22 02:05:33,523 INFO 17158 [egg-schedule]: register schedule /Users/suki/egg-demo/node_modules/egg-logrotator/app/schedule/clean_log.js
2022-08-22 02:05:33,523 INFO 17158 [egg-schedule]: register schedule /Users/suki/egg-demo/node_modules/egg-logrotator/app/schedule/rotate_by_file.js
2022-08-22 02:05:41,558 INFO 17162 [egg-schedule]: register schedule /Users/suki/egg-demo/node_modules/egg-multipart/app/schedule/clean_tmpdir.js
2022-08-22 02:05:41,558 INFO 17162 [egg-schedule]: register schedule /Users/suki/egg-demo/node_modules/egg-logrotator/app/schedule/clean_log.js
2022-08-22 02:05:41,558 INFO 17162 [egg-schedule]: register schedule /Users/suki/egg-demo/node_modules/egg-logrotator/app/schedule/rotate_by_file.js
2022-08-22 02:05:47,825 INFO 17166 [egg-schedule]: register schedule /Users/suki/egg-demo/node_modules/egg-multipart/app/schedule/clean_tmpdir.js
2022-08-22 02:05:47,825 INFO 17166 [egg-schedule]: register schedule /Users/suki/egg-demo/node_modules/egg-logrotator/app/schedule/clean_log.js
2022-08-22 02:05:47,826 INFO 17166 [egg-schedule]: register schedule /Users/suki/egg-demo/node_modules/egg-logrotator/app/schedule/rotate_by_file.js
2022-08-22 02:06:16,929 INFO 17189 [egg-schedule]: register schedule /Users/suki/egg-demo/node_modules/egg-multipart/app/schedule/clean_tmpdir.js
2022-08-22 02:06:16,929 INFO 17189 [egg-schedule]: register schedule /Users/suki/egg-demo/node_modules/egg-logrotator/app/schedule/clean_log.js
2022-08-22 02:06:16,929 INFO 17189 [egg-schedule]: register schedule /Users/suki/egg-demo/node_modules/egg-logrotator/app/schedule/rotate_by_file.js
2022-08-22 02:06:21,979 INFO 17196 [egg-schedule]: register schedule /Users/suki/egg-demo/node_modules/egg-multipart/app/schedule/clean_tmpdir.js
2022-08-22 02:06:21,979 INFO 17196 [egg-schedule]: register schedule /Users/suki/egg-demo/node_modules/egg-logrotator/app/schedule/clean_log.js
2022-08-22 02:06:21,979 INFO 17196 [egg-schedule]: register schedule /Users/suki/egg-demo/node_modules/egg-logrotator/app/schedule/rotate_by_file.js
2022-08-22 02:08:09,886 INFO 17231 [egg-schedule]: register schedule /Users/suki/egg-demo/node_modules/egg-multipart/app/schedule/clean_tmpdir.js
2022-08-22 02:08:09,886 INFO 17231 [egg-schedule]: register schedule /Users/suki/egg-demo/node_modules/egg-logrotator/app/schedule/clean_log.js
2022-08-22 02:08:09,886 INFO 17231 [egg-schedule]: register schedule /Users/suki/egg-demo/node_modules/egg-logrotator/app/schedule/rotate_by_file.js
2022-08-22 02:08:35,613 INFO 17246 [egg-schedule]: register schedule /Users/suki/egg-demo/node_modules/egg-multipart/app/schedule/clean_tmpdir.js
2022-08-22 02:08:35,613 INFO 17246 [egg-schedule]: register schedule /Users/suki/egg-demo/node_modules/egg-logrotator/app/schedule/clean_log.js
2022-08-22 02:08:35,613 INFO 17246 [egg-schedule]: register schedule /Users/suki/egg-demo/node_modules/egg-logrotator/app/schedule/rotate_by_file.js
2022-08-22 02:09:05,754 INFO 17260 [Timer] /Users/suki/egg-demo/node_modules/egg-multipart/app/schedule/clean_tmpdir.js next time will execute after 8454248ms at 2022-08-22 04:30:00.002
2022-08-22 02:09:05,755 INFO 17260 [Timer] /Users/suki/egg-demo/node_modules/egg-logrotator/app/schedule/clean_log.js next time will execute after 78654246ms at 2022-08-23 00:00:00.001
2022-08-22 02:09:05,755 INFO 17260 [Timer] /Users/suki/egg-demo/node_modules/egg-logrotator/app/schedule/rotate_by_file.js next time will execute after 78655245ms at 2022-08-23 00:00:01.000
2022-08-22 02:09:05,669 INFO 17261 [egg-schedule]: register schedule /Users/suki/egg-demo/node_modules/egg-multipart/app/schedule/clean_tmpdir.js
2022-08-22 02:09:05,669 INFO 17261 [egg-schedule]: register schedule /Users/suki/egg-demo/node_modules/egg-logrotator/app/schedule/clean_log.js
2022-08-22 02:09:05,669 INFO 17261 [egg-schedule]: register schedule /Users/suki/egg-demo/node_modules/egg-logrotator/app/schedule/rotate_by_file.js
2022-08-22 02:09:36,271 INFO 17270 [egg-schedule]: register schedule /Users/suki/egg-demo/node_modules/egg-multipart/app/schedule/clean_tmpdir.js
2022-08-22 02:09:36,271 INFO 17270 [egg-schedule]: register schedule /Users/suki/egg-demo/node_modules/egg-logrotator/app/schedule/clean_log.js
2022-08-22 02:09:36,271 INFO 17270 [egg-schedule]: register schedule /Users/suki/egg-demo/node_modules/egg-logrotator/app/schedule/rotate_by_file.js
2022-08-22 02:11:05,594 INFO 17308 [egg-schedule]: register schedule /Users/suki/egg-demo/node_modules/egg-multipart/app/schedule/clean_tmpdir.js
2022-08-22 02:11:05,594 INFO 17308 [egg-schedule]: register schedule /Users/suki/egg-demo/node_modules/egg-logrotator/app/schedule/clean_log.js
2022-08-22 02:11:05,594 INFO 17308 [egg-schedule]: register schedule /Users/suki/egg-demo/node_modules/egg-logrotator/app/schedule/rotate_by_file.js
2022-08-22 02:11:53,271 INFO 17321 [egg-schedule]: register schedule /Users/suki/egg-demo/node_modules/egg-multipart/app/schedule/clean_tmpdir.js
2022-08-22 02:11:53,271 INFO 17321 [egg-schedule]: register schedule /Users/suki/egg-demo/node_modules/egg-logrotator/app/schedule/clean_log.js
2022-08-22 02:11:53,271 INFO 17321 [egg-schedule]: register schedule /Users/suki/egg-demo/node_modules/egg-logrotator/app/schedule/rotate_by_file.js
2022-08-22 02:12:31,839 INFO 17336 [egg-schedule]: register schedule /Users/suki/egg-demo/node_modules/egg-multipart/app/schedule/clean_tmpdir.js
2022-08-22 02:12:31,839 INFO 17336 [egg-schedule]: register schedule /Users/suki/egg-demo/node_modules/egg-logrotator/app/schedule/clean_log.js
2022-08-22 02:12:31,839 INFO 17336 [egg-schedule]: register schedule /Users/suki/egg-demo/node_modules/egg-logrotator/app/schedule/rotate_by_file.js
2022-08-22 02:12:39,775 INFO 17345 [egg-schedule]: register schedule /Users/suki/egg-demo/node_modules/egg-multipart/app/schedule/clean_tmpdir.js
2022-08-22 02:12:39,775 INFO 17345 [egg-schedule]: register schedule /Users/suki/egg-demo/node_modules/egg-logrotator/app/schedule/clean_log.js
2022-08-22 02:12:39,775 INFO 17345 [egg-schedule]: register schedule /Users/suki/egg-demo/node_modules/egg-logrotator/app/schedule/rotate_by_file.js
2022-08-22 02:13:04,674 INFO 17353 [egg-schedule]: register schedule /Users/suki/egg-demo/node_modules/egg-multipart/app/schedule/clean_tmpdir.js
2022-08-22 02:13:04,674 INFO 17353 [egg-schedule]: register schedule /Users/suki/egg-demo/node_modules/egg-logrotator/app/schedule/clean_log.js
2022-08-22 02:13:04,674 INFO 17353 [egg-schedule]: register schedule /Users/suki/egg-demo/node_modules/egg-logrotator/app/schedule/rotate_by_file.js
2022-08-22 02:13:10,683 INFO 17359 [egg-schedule]: register schedule /Users/suki/egg-demo/node_modules/egg-multipart/app/schedule/clean_tmpdir.js
2022-08-22 02:13:10,683 INFO 17359 [egg-schedule]: register schedule /Users/suki/egg-demo/node_modules/egg-logrotator/app/schedule/clean_log.js
2022-08-22 02:13:10,683 INFO 17359 [egg-schedule]: register schedule /Users/suki/egg-demo/node_modules/egg-logrotator/app/schedule/rotate_by_file.js
2022-08-22 02:14:59,515 INFO 17385 [egg-schedule]: register schedule /Users/suki/egg-demo/node_modules/egg-multipart/app/schedule/clean_tmpdir.js
2022-08-22 02:14:59,515 INFO 17385 [egg-schedule]: register schedule /Users/suki/egg-demo/node_modules/egg-logrotator/app/schedule/clean_log.js
2022-08-22 02:14:59,515 INFO 17385 [egg-schedule]: register schedule /Users/suki/egg-demo/node_modules/egg-logrotator/app/schedule/rotate_by_file.js
2022-08-22 02:16:49,110 INFO 17441 [egg-schedule]: register schedule /Users/suki/egg-demo/node_modules/egg-multipart/app/schedule/clean_tmpdir.js
2022-08-22 02:16:49,110 INFO 17441 [egg-schedule]: register schedule /Users/suki/egg-demo/node_modules/egg-logrotator/app/schedule/clean_log.js
2022-08-22 02:16:49,110 INFO 17441 [egg-schedule]: register schedule /Users/suki/egg-demo/node_modules/egg-logrotator/app/schedule/rotate_by_file.js
2022-08-22 02:26:29,360 INFO 17616 [egg-schedule]: register schedule /Users/suki/egg-demo/node_modules/egg-multipart/app/schedule/clean_tmpdir.js
2022-08-22 02:26:29,360 INFO 17616 [egg-schedule]: register schedule /Users/suki/egg-demo/node_modules/egg-logrotator/app/schedule/clean_log.js
2022-08-22 02:26:29,360 INFO 17616 [egg-schedule]: register schedule /Users/suki/egg-demo/node_modules/egg-logrotator/app/schedule/rotate_by_file.js
2022-08-22 02:26:33,305 INFO 17622 [egg-schedule]: register schedule /Users/suki/egg-demo/node_modules/egg-multipart/app/schedule/clean_tmpdir.js
2022-08-22 02:26:33,305 INFO 17622 [egg-schedule]: register schedule /Users/suki/egg-demo/node_modules/egg-logrotator/app/schedule/clean_log.js
2022-08-22 02:26:33,305 INFO 17622 [egg-schedule]: register schedule /Users/suki/egg-demo/node_modules/egg-logrotator/app/schedule/rotate_by_file.js
2022-08-22 02:26:36,385 INFO 17626 [egg-schedule]: register schedule /Users/suki/egg-demo/node_modules/egg-multipart/app/schedule/clean_tmpdir.js
2022-08-22 02:26:36,385 INFO 17626 [egg-schedule]: register schedule /Users/suki/egg-demo/node_modules/egg-logrotator/app/schedule/clean_log.js
2022-08-22 02:26:36,385 INFO 17626 [egg-schedule]: register schedule /Users/suki/egg-demo/node_modules/egg-logrotator/app/schedule/rotate_by_file.js
2022-08-22 02:26:39,087 INFO 17630 [egg-schedule]: register schedule /Users/suki/egg-demo/node_modules/egg-multipart/app/schedule/clean_tmpdir.js
2022-08-22 02:26:39,087 INFO 17630 [egg-schedule]: register schedule /Users/suki/egg-demo/node_modules/egg-logrotator/app/schedule/clean_log.js
2022-08-22 02:26:39,088 INFO 17630 [egg-schedule]: register schedule /Users/suki/egg-demo/node_modules/egg-logrotator/app/schedule/rotate_by_file.js
2022-08-22 02:27:00,127 INFO 17643 [egg-schedule]: register schedule /Users/suki/egg-demo/node_modules/egg-multipart/app/schedule/clean_tmpdir.js
2022-08-22 02:27:00,127 INFO 17643 [egg-schedule]: register schedule /Users/suki/egg-demo/node_modules/egg-logrotator/app/schedule/clean_log.js
2022-08-22 02:27:00,127 INFO 17643 [egg-schedule]: register schedule /Users/suki/egg-demo/node_modules/egg-logrotator/app/schedule/rotate_by_file.js
2022-08-22 02:27:04,256 INFO 17647 [egg-schedule]: register schedule /Users/suki/egg-demo/node_modules/egg-multipart/app/schedule/clean_tmpdir.js
2022-08-22 02:27:04,256 INFO 17647 [egg-schedule]: register schedule /Users/suki/egg-demo/node_modules/egg-logrotator/app/schedule/clean_log.js
2022-08-22 02:27:04,256 INFO 17647 [egg-schedule]: register schedule /Users/suki/egg-demo/node_modules/egg-logrotator/app/schedule/rotate_by_file.js
2022-08-22 02:28:34,265 INFO 17679 [egg-schedule]: register schedule /Users/suki/egg-demo/node_modules/egg-multipart/app/schedule/clean_tmpdir.js
2022-08-22 02:28:34,265 INFO 17679 [egg-schedule]: register schedule /Users/suki/egg-demo/node_modules/egg-logrotator/app/schedule/clean_log.js
2022-08-22 02:28:34,265 INFO 17679 [egg-schedule]: register schedule /Users/suki/egg-demo/node_modules/egg-logrotator/app/schedule/rotate_by_file.js
2022-08-22 02:30:06,266 INFO 17697 [egg-schedule]: register schedule /Users/suki/egg-demo/node_modules/egg-multipart/app/schedule/clean_tmpdir.js
2022-08-22 02:30:06,266 INFO 17697 [egg-schedule]: register schedule /Users/suki/egg-demo/node_modules/egg-logrotator/app/schedule/clean_log.js
2022-08-22 02:30:06,267 INFO 17697 [egg-schedule]: register schedule /Users/suki/egg-demo/node_modules/egg-logrotator/app/schedule/rotate_by_file.js
2022-08-22 02:30:14,051 INFO 17706 [egg-schedule]: register schedule /Users/suki/egg-demo/node_modules/egg-multipart/app/schedule/clean_tmpdir.js
2022-08-22 02:30:14,051 INFO 17706 [egg-schedule]: register schedule /Users/suki/egg-demo/node_modules/egg-logrotator/app/schedule/clean_log.js
2022-08-22 02:30:14,051 INFO 17706 [egg-schedule]: register schedule /Users/suki/egg-demo/node_modules/egg-logrotator/app/schedule/rotate_by_file.js
2022-08-22 02:30:15,797 INFO 17710 [egg-schedule]: register schedule /Users/suki/egg-demo/node_modules/egg-multipart/app/schedule/clean_tmpdir.js
2022-08-22 02:30:15,797 INFO 17710 [egg-schedule]: register schedule /Users/suki/egg-demo/node_modules/egg-logrotator/app/schedule/clean_log.js
2022-08-22 02:30:15,798 INFO 17710 [egg-schedule]: register schedule /Users/suki/egg-demo/node_modules/egg-logrotator/app/schedule/rotate_by_file.js
2022-08-22 02:30:28,237 INFO 17720 [egg-schedule]: register schedule /Users/suki/egg-demo/node_modules/egg-multipart/app/schedule/clean_tmpdir.js
2022-08-22 02:30:28,237 INFO 17720 [egg-schedule]: register schedule /Users/suki/egg-demo/node_modules/egg-logrotator/app/schedule/clean_log.js
2022-08-22 02:30:28,238 INFO 17720 [egg-schedule]: register schedule /Users/suki/egg-demo/node_modules/egg-logrotator/app/schedule/rotate_by_file.js
2022-08-22 02:30:31,818 INFO 17724 [egg-schedule]: register schedule /Users/suki/egg-demo/node_modules/egg-multipart/app/schedule/clean_tmpdir.js
2022-08-22 02:30:31,818 INFO 17724 [egg-schedule]: register schedule /Users/suki/egg-demo/node_modules/egg-logrotator/app/schedule/clean_log.js
2022-08-22 02:30:31,818 INFO 17724 [egg-schedule]: register schedule /Users/suki/egg-demo/node_modules/egg-logrotator/app/schedule/rotate_by_file.js
2022-08-22 02:58:30,807 INFO 18156 [egg-schedule]: register schedule /Users/suki/egg-demo/node_modules/egg-multipart/app/schedule/clean_tmpdir.js
2022-08-22 02:58:30,807 INFO 18156 [egg-schedule]: register schedule /Users/suki/egg-demo/node_modules/egg-logrotator/app/schedule/clean_log.js
2022-08-22 02:58:30,807 INFO 18156 [egg-schedule]: register schedule /Users/suki/egg-demo/node_modules/egg-logrotator/app/schedule/rotate_by_file.js
2022-08-22 03:02:20,853 INFO 18207 [egg-schedule]: register schedule /Users/suki/egg-demo/node_modules/egg-multipart/app/schedule/clean_tmpdir.js
2022-08-22 03:02:20,853 INFO 18207 [egg-schedule]: register schedule /Users/suki/egg-demo/node_modules/egg-logrotator/app/schedule/clean_log.js
2022-08-22 03:02:20,853 INFO 18207 [egg-schedule]: register schedule /Users/suki/egg-demo/node_modules/egg-logrotator/app/schedule/rotate_by_file.js
2022-08-22 03:02:28,317 INFO 18219 [egg-schedule]: register schedule /Users/suki/egg-demo/node_modules/egg-multipart/app/schedule/clean_tmpdir.js
2022-08-22 03:02:28,317 INFO 18219 [egg-schedule]: register schedule /Users/suki/egg-demo/node_modules/egg-logrotator/app/schedule/clean_log.js
2022-08-22 03:02:28,317 INFO 18219 [egg-schedule]: register schedule /Users/suki/egg-demo/node_modules/egg-logrotator/app/schedule/rotate_by_file.js
2022-08-22 03:04:58,660 INFO 18246 [egg-schedule]: register schedule /Users/suki/egg-demo/node_modules/egg-multipart/app/schedule/clean_tmpdir.js
2022-08-22 03:04:58,661 INFO 18246 [egg-schedule]: register schedule /Users/suki/egg-demo/node_modules/egg-logrotator/app/schedule/clean_log.js
2022-08-22 03:04:58,661 INFO 18246 [egg-schedule]: register schedule /Users/suki/egg-demo/node_modules/egg-logrotator/app/schedule/rotate_by_file.js
2022-08-22 03:05:05,941 INFO 18256 [egg-schedule]: register schedule /Users/suki/egg-demo/node_modules/egg-multipart/app/schedule/clean_tmpdir.js
2022-08-22 03:05:05,941 INFO 18256 [egg-schedule]: register schedule /Users/suki/egg-demo/node_modules/egg-logrotator/app/schedule/clean_log.js
2022-08-22 03:05:05,942 INFO 18256 [egg-schedule]: register schedule /Users/suki/egg-demo/node_modules/egg-logrotator/app/schedule/rotate_by_file.js
2022-08-22 03:05:21,766 INFO 18263 [egg-schedule]: register schedule /Users/suki/egg-demo/node_modules/egg-multipart/app/schedule/clean_tmpdir.js
2022-08-22 03:05:21,766 INFO 18263 [egg-schedule]: register schedule /Users/suki/egg-demo/node_modules/egg-logrotator/app/schedule/clean_log.js
2022-08-22 03:05:21,766 INFO 18263 [egg-schedule]: register schedule /Users/suki/egg-demo/node_modules/egg-logrotator/app/schedule/rotate_by_file.js
2022-08-22 03:05:33,230 INFO 18271 [egg-schedule]: register schedule /Users/suki/egg-demo/node_modules/egg-multipart/app/schedule/clean_tmpdir.js
2022-08-22 03:05:33,230 INFO 18271 [egg-schedule]: register schedule /Users/suki/egg-demo/node_modules/egg-logrotator/app/schedule/clean_log.js
2022-08-22 03:05:33,230 INFO 18271 [egg-schedule]: register schedule /Users/suki/egg-demo/node_modules/egg-logrotator/app/schedule/rotate_by_file.js
2022-08-22 11:56:41,066 INFO 17260 [Timer] /Users/suki/egg-demo/node_modules/egg-multipart/app/schedule/clean_tmpdir.js next time will execute after 59598958ms at 2022-08-23 04:30:00.023
2022-08-22 11:56:41,095 INFO 18271 [Job#166114060102314670657652867531] /Users/suki/egg-demo/node_modules/egg-multipart/app/schedule/clean_tmpdir.js executing by app
2022-08-22 11:56:41,160 INFO 18271 [Job#166114060102314670657652867531] /Users/suki/egg-demo/node_modules/egg-multipart/app/schedule/clean_tmpdir.js execute succeed, used 47ms. 
2022-08-22 12:31:13,289 INFO 7640 [Timer] D:\学习\wechat-push\node_modules\egg-multipart\app\schedule\clean_tmpdir.js next time will execute after 57526712ms at 2022-08-23 04:30:00.001
2022-08-22 12:31:13,290 INFO 7640 [Timer] D:\学习\wechat-push\node_modules\egg-logrotator\app\schedule\clean_log.js next time will execute after 41326711ms at 2022-08-23 00:00:00.001
2022-08-22 12:31:13,290 INFO 7640 [Timer] D:\学习\wechat-push\node_modules\egg-logrotator\app\schedule\rotate_by_file.js next time will execute after 41327710ms at 2022-08-23 00:00:01.000
2022-08-22 12:31:13,208 INFO 1392 [egg-schedule]: register schedule D:\学习\wechat-push\node_modules\egg-multipart\app\schedule\clean_tmpdir.js
2022-08-22 12:31:13,208 INFO 1392 [egg-schedule]: register schedule D:\学习\wechat-push\node_modules\egg-logrotator\app\schedule\clean_log.js
2022-08-22 12:31:13,208 INFO 1392 [egg-schedule]: register schedule D:\学习\wechat-push\node_modules\egg-logrotator\app\schedule\rotate_by_file.js
2022-08-22 12:35:45,823 INFO 9316 [egg-schedule]: register schedule D:\学习\wechat-push\node_modules\egg-multipart\app\schedule\clean_tmpdir.js
2022-08-22 12:35:45,823 INFO 9316 [egg-schedule]: register schedule D:\学习\wechat-push\node_modules\egg-logrotator\app\schedule\clean_log.js
2022-08-22 12:35:45,823 INFO 9316 [egg-schedule]: register schedule D:\学习\wechat-push\node_modules\egg-logrotator\app\schedule\rotate_by_file.js
